Arguments: 
  D:\Software\node.js\node.exe D:\Software\yarn\bin\yarn.js init

PATH: 
  C:\windows\system32;C:\windows;C:\windows\System32\Wbem;C:\windows\System32\WindowsPowerShell\v1.0\;C:\windows\System32\OpenSSH\;C:\Program Files (x86)\NVIDIA Corporation\PhysX\Common;C:\Program Files\NVIDIA Corporation\NVIDIA NvDLISR;C:\Users\86188\AppData\Local\Programs\Python\Python37\;C:\WINDOWS\system32;C:\WINDOWS;C:\WINDOWS\System32\Wbem;C:\WINDOWS\System32\WindowsPowerShell\v1.0\;C:\WINDOWS\System32\OpenSSH\;D:\Software\node.js\;D:\Software\yarn\bin\;C:\Users\86188\Desktop;C:\Users\86188\AppData\Local\Programs\Python\Python37\Scripts\;C:\Users\86188\AppData\Local\Programs\Python\Python37\;C:\Users\86188\AppData\Local\Microsoft\WindowsApps;C:\Users\86188\AppData\Local\Programs\Microsoft VS Code\bin;C:\Users\86188\AppData\Local\atom\bin;C:\Users\86188\AppData\Local\Microsoft\WindowsApps;C:\Users\86188\AppData\Roaming\npm;C:\Users\86188\AppData\Local\Yarn\bin;C:\Users\86188\Desktop;;D:\webstorm\WebStorm 2021.2.3\bin;

Yarn version: 
  1.22.5

Node version: 
  14.17.4

Platform: 
  win32 x64

Trace: 
  Error: canceled
      at Interface.<anonymous> (D:\Software\yarn\lib\cli.js:137009:13)
      at Interface.emit (events.js:400:28)
      at Interface._ttyWrite (readline.js:910:16)
      at ReadStream.onkeypress (readline.js:235:10)
      at ReadStream.emit (events.js:400:28)
      at emitKeys (internal/readline/utils.js:358:14)
      at emitKeys.next (<anonymous>)
      at ReadStream.onData (readline.js:1179:36)
      at ReadStream.emit (events.js:400:28)
      at addChunk (internal/streams/readable.js:290:12)

npm manifest: 
  No manifest

yarn manifest: 
  No manifest

Lockfile: 
  No lockfile
